{"numTotalTestSuites":24,"numPassedTestSuites":24,"numFailedTestSuites":0,"numPendingTestSuites":0,"numTotalTests":51,"numPassedTests":51,"numFailedTests":0,"numPendingTests":0,"numTodoTests":0,"snapshot":{"added":0,"failure":false,"filesAdded":0,"filesRemoved":0,"filesRemovedList":[],"filesUnmatched":0,"filesUpdated":0,"matched":0,"total":0,"unchecked":0,"uncheckedKeysByFile":[],"unmatched":0,"updated":0,"didUpdate":false},"startTime":1783582917361,"success":true,"testResults":[{"assertionResults":[{"ancestorTitles":["Upstash Redis Cache Integration Tests"],"fullName":"Upstash Redis Cache Integration Tests should establish a connection and ping the cache in a low-latency window","status":"passed","title":"should establish a connection and ping the cache in a low-latency window","duration":1.031041000000016,"failureMessages":[],"meta":{},"tags":[]},{"ancestorTitles":["Upstash Redis Cache Integration Tests"],"fullName":"Upstash Redis Cache Integration Tests should perform CRUD operations successfully and handle fail-open strategy","status":"passed","title":"should perform CRUD operations successfully and handle fail-open strategy","duration":0.13087500000000318,"failureMessages":[],"meta":{},"tags":[]}],"startTime":1783582917743,"endTime":1783582917744.1309,"status":"passed","message":"","name":"/Users/tinhct/Documents/AI Projects/ArchiCheck Project/archi-check/tests/integration/redis.test.ts"},{"assertionResults":[{"ancestorTitles":["Milestone 1 End-to-End Simulation"],"fullName":"Milestone 1 End-to-End Simulation should execute the full gated user journey successfully","status":"passed","title":"should execute the full gated user journey successfully","duration":7.19379200000003,"failureMessages":[],"meta":{},"tags":[]}],"startTime":1783582917713,"endTime":1783582917720.1938,"status":"passed","message":"","name":"/Users/tinhct/Documents/AI Projects/ArchiCheck Project/archi-check/tests/integration/simulation.test.ts"},{"assertionResults":[{"ancestorTitles":["Webhook API Route Integration Tests"],"fullName":"Webhook API Route Integration Tests should reject requests missing the GitHub signature header","status":"passed","title":"should reject requests missing the GitHub signature header","duration":2.5394170000000145,"failureMessages":[],"meta":{},"tags":[]},{"ancestorTitles":["Webhook API Route Integration Tests"],"fullName":"Webhook API Route Integration Tests should reject requests with an invalid signature","status":"passed","title":"should reject requests with an invalid signature","duration":0.5829580000000192,"failureMessages":[],"meta":{},"tags":[]},{"ancestorTitles":["Webhook API Route Integration Tests"],"fullName":"Webhook API Route Integration Tests should accept pull_request.opened event and return 202","status":"passed","title":"should accept pull_request.opened event and return 202","duration":1.5631249999999568,"failureMessages":[],"meta":{},"tags":[]},{"ancestorTitles":["Webhook API Route Integration Tests"],"fullName":"Webhook API Route Integration Tests should block non-author comment attempts and post warning comment","status":"passed","title":"should block non-author comment attempts and post warning comment","duration":0.5432920000000081,"failureMessages":[],"meta":{},"tags":[]},{"ancestorTitles":["Webhook API Route Integration Tests"],"fullName":"Webhook API Route Integration Tests should accept PR author comments, clean replies, and return 202","status":"passed","title":"should accept PR author comments, clean replies, and return 202","duration":10.29004100000003,"failureMessages":[],"meta":{},"tags":[]},{"ancestorTitles":["Webhook API Route Integration Tests"],"fullName":"Webhook API Route Integration Tests should execute emergency bypass if the commenter is an Admin or Maintainer","status":"passed","title":"should execute emergency bypass if the commenter is an Admin or Maintainer","duration":0.9149590000000103,"failureMessages":[],"meta":{},"tags":[]},{"ancestorTitles":["Webhook API Route Integration Tests"],"fullName":"Webhook API Route Integration Tests should reject emergency bypass if the commenter is not authorized","status":"passed","title":"should reject emergency bypass if the commenter is not authorized","duration":0.3568750000000023,"failureMessages":[],"meta":{},"tags":[]}],"startTime":1783582917753,"endTime":1783582917769.357,"status":"passed","message":"","name":"/Users/tinhct/Documents/AI Projects/ArchiCheck Project/archi-check/tests/integration/webhook.test.ts"},{"assertionResults":[{"ancestorTitles":["Comment Reply Parser Unit Tests"],"fullName":"Comment Reply Parser Unit Tests should return the original text if there are no blockquotes","status":"passed","title":"should return the original text if there are no blockquotes","duration":1.264041000000006,"failureMessages":[],"meta":{},"tags":[]},{"ancestorTitles":["Comment Reply Parser Unit Tests"],"fullName":"Comment Reply Parser Unit Tests should strip out lines starting with > and return only the newly typed lines","status":"passed","title":"should strip out lines starting with > and return only the newly typed lines","duration":0.1413750000000107,"failureMessages":[],"meta":{},"tags":[]},{"ancestorTitles":["Comment Reply Parser Unit Tests"],"fullName":"Comment Reply Parser Unit Tests should handle multiple scattered blockquotes and return only the clean non-quoted lines","status":"passed","title":"should handle multiple scattered blockquotes and return only the clean non-quoted lines","duration":0.0699160000000063,"failureMessages":[],"meta":{},"tags":[]},{"ancestorTitles":["Comment Reply Parser Unit Tests"],"fullName":"Comment Reply Parser Unit Tests should return empty string if the entire comment is blockquotes","status":"passed","title":"should return empty string if the entire comment is blockquotes","duration":0.09337499999999466,"failureMessages":[],"meta":{},"tags":[]}],"startTime":1783582917725,"endTime":1783582917726.2642,"status":"passed","message":"","name":"/Users/tinhct/Documents/AI Projects/ArchiCheck Project/archi-check/tests/unit/comment-parser.test.ts"},{"assertionResults":[{"ancestorTitles":["Repository Config Fetcher Unit Tests"],"fullName":"Repository Config Fetcher Unit Tests should return yml content if .archicheck.yml exists","status":"passed","title":"should return yml content if .archicheck.yml exists","duration":1.425167000000016,"failureMessages":[],"meta":{},"tags":[]},{"ancestorTitles":["Repository Config Fetcher Unit Tests"],"fullName":"Repository Config Fetcher Unit Tests should fallback to .archicheck.yaml if .archicheck.yml is not found","status":"passed","title":"should fallback to .archicheck.yaml if .archicheck.yml is not found","duration":0.6279590000000042,"failureMessages":[],"meta":{},"tags":[]},{"ancestorTitles":["Repository Config Fetcher Unit Tests"],"fullName":"Repository Config Fetcher Unit Tests should return null if both .yml and .yaml are not found","status":"passed","title":"should return null if both .yml and .yaml are not found","duration":0.3356670000000008,"failureMessages":[],"meta":{},"tags":[]}],"startTime":1783582917602,"endTime":1783582917604.628,"status":"passed","message":"","name":"/Users/tinhct/Documents/AI Projects/ArchiCheck Project/archi-check/tests/unit/config_fetcher.test.ts"},{"assertionResults":[{"ancestorTitles":["DiffParserService Unit Tests"],"fullName":"DiffParserService Unit Tests should identify blocklisted files correctly","status":"passed","title":"should identify blocklisted files correctly","duration":2.011665999999991,"failureMessages":[],"meta":{},"tags":[]},{"ancestorTitles":["DiffParserService Unit Tests"],"fullName":"DiffParserService Unit Tests should parse simple diffs and output low score","status":"passed","title":"should parse simple diffs and output low score","duration":0.4329170000000033,"failureMessages":[],"meta":{},"tags":[]},{"ancestorTitles":["DiffParserService Unit Tests"],"fullName":"DiffParserService Unit Tests should parse complex diffs containing structural keywords and output higher score","status":"passed","title":"should parse complex diffs containing structural keywords and output higher score","duration":0.22237499999999955,"failureMessages":[],"meta":{},"tags":[]},{"ancestorTitles":["DiffParserService Unit Tests"],"fullName":"DiffParserService Unit Tests should skip blocklisted files in diff parsing lines counts","status":"passed","title":"should skip blocklisted files in diff parsing lines counts","duration":0.06654199999999832,"failureMessages":[],"meta":{},"tags":[]},{"ancestorTitles":["DiffParserService Unit Tests"],"fullName":"DiffParserService Unit Tests should extract only clean added code, stripping leading plus characters","status":"passed","title":"should extract only clean added code, stripping leading plus characters","duration":0.07487499999999159,"failureMessages":[],"meta":{},"tags":[]},{"ancestorTitles":["DiffParserService Unit Tests"],"fullName":"DiffParserService Unit Tests should skip custom excluded paths when parsed with custom excluded glob patterns","status":"passed","title":"should skip custom excluded paths when parsed with custom excluded glob patterns","duration":0.11791699999997718,"failureMessages":[],"meta":{},"tags":[]}],"startTime":1783582917596,"endTime":1783582917599.2224,"status":"passed","message":"","name":"/Users/tinhct/Documents/AI Projects/ArchiCheck Project/archi-check/tests/unit/diff-parser.test.ts"},{"assertionResults":[{"ancestorTitles":["Environment Schema Unit Tests"],"fullName":"Environment Schema Unit Tests should accept mock provider settings when process.env.NODE_ENV is not production","status":"passed","title":"should accept mock provider settings when process.env.NODE_ENV is not production","duration":1.955083000000002,"failureMessages":[],"meta":{},"tags":[]},{"ancestorTitles":["Environment Schema Unit Tests"],"fullName":"Environment Schema Unit Tests should strictly reject mock provider settings when process.env.NODE_ENV is production","status":"passed","title":"should strictly reject mock provider settings when process.env.NODE_ENV is production","duration":0.9317499999999939,"failureMessages":[],"meta":{},"tags":[]},{"ancestorTitles":["Environment Schema Unit Tests"],"fullName":"Environment Schema Unit Tests should reject gemini-developer in production if api-key matches the default mock key","status":"passed","title":"should reject gemini-developer in production if api-key matches the default mock key","duration":0.29862500000001546,"failureMessages":[],"meta":{},"tags":[]},{"ancestorTitles":["Environment Schema Unit Tests"],"fullName":"Environment Schema Unit Tests should accept gemini-developer in production if a real API key is supplied","status":"passed","title":"should accept gemini-developer in production if a real API key is supplied","duration":0.19533300000000509,"failureMessages":[],"meta":{},"tags":[]},{"ancestorTitles":["Environment Schema Unit Tests"],"fullName":"Environment Schema Unit Tests should reject vertex in production if GOOGLE_CREDS_JSON is missing","status":"passed","title":"should reject vertex in production if GOOGLE_CREDS_JSON is missing","duration":0.261209000000008,"failureMessages":[],"meta":{},"tags":[]}],"startTime":1783582917634,"endTime":1783582917638.2612,"status":"passed","message":"","name":"/Users/tinhct/Documents/AI Projects/ArchiCheck Project/archi-check/tests/unit/env.test.ts"},{"assertionResults":[{"ancestorTitles":["HeuristicsService Unit Tests"],"fullName":"HeuristicsService Unit Tests should gate PRs that exceed both complexity and AI reliance thresholds","status":"passed","title":"should gate PRs that exceed both complexity and AI reliance thresholds","duration":0.7267080000000021,"failureMessages":[],"meta":{},"tags":[]},{"ancestorTitles":["HeuristicsService Unit Tests"],"fullName":"HeuristicsService Unit Tests should not gate PRs with high complexity but low AI reliance","status":"passed","title":"should not gate PRs with high complexity but low AI reliance","duration":0.11683300000001395,"failureMessages":[],"meta":{},"tags":[]},{"ancestorTitles":["HeuristicsService Unit Tests"],"fullName":"HeuristicsService Unit Tests should not gate PRs with low complexity even with high AI reliance","status":"passed","title":"should not gate PRs with low complexity even with high AI reliance","duration":0.06470899999999347,"failureMessages":[],"meta":{},"tags":[]},{"ancestorTitles":["HeuristicsService Unit Tests"],"fullName":"HeuristicsService Unit Tests should trigger gate via the Spray and Pray velocity fallback check","status":"passed","title":"should trigger gate via the Spray and Pray velocity fallback check","duration":0.09591700000001424,"failureMessages":[],"meta":{},"tags":[]},{"ancestorTitles":["HeuristicsService Unit Tests"],"fullName":"HeuristicsService Unit Tests should not trigger velocity gate if changes took > 15 minutes","status":"passed","title":"should not trigger velocity gate if changes took > 15 minutes","duration":0.0615410000000054,"failureMessages":[],"meta":{},"tags":[]},{"ancestorTitles":["HeuristicsService Unit Tests"],"fullName":"HeuristicsService Unit Tests should not trigger velocity gate if lines added <= 300 even if fast","status":"passed","title":"should not trigger velocity gate if lines added <= 300 even if fast","duration":0.05233400000000188,"failureMessages":[],"meta":{},"tags":[]},{"ancestorTitles":["HeuristicsService Unit Tests"],"fullName":"HeuristicsService Unit Tests should respect custom config overrides for complexity score gating","status":"passed","title":"should respect custom config overrides for complexity score gating","duration":0.09437500000001364,"failureMessages":[],"meta":{},"tags":[]},{"ancestorTitles":["HeuristicsService Unit Tests"],"fullName":"HeuristicsService Unit Tests should respect custom config overrides for lines added volume gating","status":"passed","title":"should respect custom config overrides for lines added volume gating","duration":0.05174999999999841,"failureMessages":[],"meta":{},"tags":[]}],"startTime":1783582917742,"endTime":1783582917743.096,"status":"passed","message":"","name":"/Users/tinhct/Documents/AI Projects/ArchiCheck Project/archi-check/tests/unit/heuristics.test.ts"},{"assertionResults":[{"ancestorTitles":["MockLLMProvider Unit Tests"],"fullName":"MockLLMProvider Unit Tests should generate a structured mock quiz payload containing questions","status":"passed","title":"should generate a structured mock quiz payload containing questions","duration":1.2369170000000054,"failureMessages":[],"meta":{},"tags":[]},{"ancestorTitles":["MockLLMProvider Unit Tests"],"fullName":"MockLLMProvider Unit Tests should reject validations if answer justification is 20 characters or less","status":"passed","title":"should reject validations if answer justification is 20 characters or less","duration":0.21433300000001054,"failureMessages":[],"meta":{},"tags":[]},{"ancestorTitles":["MockLLMProvider Unit Tests"],"fullName":"MockLLMProvider Unit Tests should approve validations if answer justification is greater than 20 characters","status":"passed","title":"should approve validations if answer justification is greater than 20 characters","duration":0.09249999999997272,"failureMessages":[],"meta":{},"tags":[]}],"startTime":1783582917592,"endTime":1783582917593.2368,"status":"passed","message":"","name":"/Users/tinhct/Documents/AI Projects/ArchiCheck Project/archi-check/tests/unit/mock_llm.test.ts"},{"assertionResults":[{"ancestorTitles":["LLMProvider Unit Tests & Resiliency"],"fullName":"LLMProvider Unit Tests & Resiliency should generate a default fallback quiz when the LLM API call fails (Fail-Open)","status":"passed","title":"should generate a default fallback quiz when the LLM API call fails (Fail-Open)","duration":3.858292000000006,"failureMessages":[],"meta":{},"tags":[]},{"ancestorTitles":["LLMProvider Unit Tests & Resiliency"],"fullName":"LLMProvider Unit Tests & Resiliency should validate answers with a fallback value when the validation fails (Fail-Open)","status":"passed","title":"should validate answers with a fallback value when the validation fails (Fail-Open)","duration":0.6184999999999832,"failureMessages":[],"meta":{},"tags":[]},{"ancestorTitles":["LLMProvider Unit Tests & Resiliency"],"fullName":"LLMProvider Unit Tests & Resiliency should escape system XML tags inside the prompt values to block injection escapes","status":"passed","title":"should escape system XML tags inside the prompt values to block injection escapes","duration":0.2963330000000042,"failureMessages":[],"meta":{},"tags":[]}],"startTime":1783582917737,"endTime":1783582917742.2964,"status":"passed","message":"","name":"/Users/tinhct/Documents/AI Projects/ArchiCheck Project/archi-check/tests/unit/provider.test.ts"},{"assertionResults":[{"ancestorTitles":["Secret Sanitizer Unit Tests"],"fullName":"Secret Sanitizer Unit Tests should redact Google API Keys from a text string","status":"passed","title":"should redact Google API Keys from a text string","duration":3.412458999999984,"failureMessages":[],"meta":{},"tags":[]},{"ancestorTitles":["Secret Sanitizer Unit Tests"],"fullName":"Secret Sanitizer Unit Tests should redact generic passwords assigned via config assignment","status":"passed","title":"should redact generic passwords assigned via config assignment","duration":0.916499999999985,"failureMessages":[],"meta":{},"tags":[]},{"ancestorTitles":["Secret Sanitizer Unit Tests"],"fullName":"Secret Sanitizer Unit Tests should leave non-sensitive code untouched","status":"passed","title":"should leave non-sensitive code untouched","duration":0.32450000000000045,"failureMessages":[],"meta":{},"tags":[]},{"ancestorTitles":["Secret Sanitizer Unit Tests"],"fullName":"Secret Sanitizer Unit Tests should trigger the 500ms circuit breaker when encountering a ReDoS pattern","status":"passed","title":"should trigger the 500ms circuit breaker when encountering a ReDoS pattern","duration":1380.000833,"failureMessages":[],"meta":{},"tags":[]}],"startTime":1783582917599,"endTime":1783582918984.0007,"status":"passed","message":"","name":"/Users/tinhct/Documents/AI Projects/ArchiCheck Project/archi-check/tests/unit/sanitizer.test.ts"},{"assertionResults":[{"ancestorTitles":["YAML Parser & Config Validator Unit Tests"],"fullName":"YAML Parser & Config Validator Unit Tests should return system defaults if input string is null, empty or undefined","status":"passed","title":"should return system defaults if input string is null, empty or undefined","duration":2.5247500000000116,"failureMessages":[],"meta":{},"tags":[]},{"ancestorTitles":["YAML Parser & Config Validator Unit Tests"],"fullName":"YAML Parser & Config Validator Unit Tests should successfully parse complete valid YAML configurations","status":"passed","title":"should successfully parse complete valid YAML configurations","duration":4.4017080000000135,"failureMessages":[],"meta":{},"tags":[]},{"ancestorTitles":["YAML Parser & Config Validator Unit Tests"],"fullName":"YAML Parser & Config Validator Unit Tests should gracefully merge missing fields with defaults on partial configurations","status":"passed","title":"should gracefully merge missing fields with defaults on partial configurations","duration":0.43045799999998735,"failureMessages":[],"meta":{},"tags":[]},{"ancestorTitles":["YAML Parser & Config Validator Unit Tests"],"fullName":"YAML Parser & Config Validator Unit Tests should fall back to defaults and log warnings if size exceeds 50KB limit","status":"passed","title":"should fall back to defaults and log warnings if size exceeds 50KB limit","duration":0.498833999999988,"failureMessages":[],"meta":{},"tags":[]},{"ancestorTitles":["YAML Parser & Config Validator Unit Tests"],"fullName":"YAML Parser & Config Validator Unit Tests should fall back to defaults and log warnings if YAML syntax is malformed","status":"passed","title":"should fall back to defaults and log warnings if YAML syntax is malformed","duration":1.119374999999991,"failureMessages":[],"meta":{},"tags":[]}],"startTime":1783582917678,"endTime":1783582917687.1194,"status":"passed","message":"","name":"/Users/tinhct/Documents/AI Projects/ArchiCheck Project/archi-check/tests/unit/yaml_parser.test.ts"}]}