{"numTotalTestSuites":24,"numPassedTestSuites":24,"numFailedTestSuites":0,"numPendingTestSuites":0,"numTotalTests":51,"numPassedTests":51,"numFailedTests":0,"numPendingTests":0,"numTodoTests":0,"snapshot":{"added":0,"failure":false,"filesAdded":0,"filesRemoved":0,"filesRemovedList":[],"filesUnmatched":0,"filesUpdated":0,"matched":0,"total":0,"unchecked":0,"uncheckedKeysByFile":[],"unmatched":0,"updated":0,"didUpdate":false},"startTime":1783586708485,"success":true,"testResults":[{"assertionResults":[{"ancestorTitles":["Upstash Redis Cache Integration Tests"],"fullName":"Upstash Redis Cache Integration Tests should establish a connection and ping the cache in a low-latency window","status":"passed","title":"should establish a connection and ping the cache in a low-latency window","duration":3.1036250000000223,"failureMessages":[],"meta":{},"tags":[]},{"ancestorTitles":["Upstash Redis Cache Integration Tests"],"fullName":"Upstash Redis Cache Integration Tests should perform CRUD operations successfully and handle fail-open strategy","status":"passed","title":"should perform CRUD operations successfully and handle fail-open strategy","duration":0.5818749999999966,"failureMessages":[],"meta":{},"tags":[]}],"startTime":1783586708717,"endTime":1783586708720.5818,"status":"passed","message":"","name":"/Users/tinhct/Documents/AI Projects/ArchiCheck Project/archi-check/tests/integration/redis.test.ts"},{"assertionResults":[{"ancestorTitles":["Milestone 1 End-to-End Simulation"],"fullName":"Milestone 1 End-to-End Simulation should execute the full gated user journey successfully","status":"passed","title":"should execute the full gated user journey successfully","duration":9.626417000000004,"failureMessages":[],"meta":{},"tags":[]}],"startTime":1783586708804,"endTime":1783586708813.6265,"status":"passed","message":"","name":"/Users/tinhct/Documents/AI Projects/ArchiCheck Project/archi-check/tests/integration/simulation.test.ts"},{"assertionResults":[{"ancestorTitles":["Webhook API Route Integration Tests"],"fullName":"Webhook API Route Integration Tests should reject requests missing the GitHub signature header","status":"passed","title":"should reject requests missing the GitHub signature header","duration":2.5917910000000006,"failureMessages":[],"meta":{},"tags":[]},{"ancestorTitles":["Webhook API Route Integration Tests"],"fullName":"Webhook API Route Integration Tests should reject requests with an invalid signature","status":"passed","title":"should reject requests with an invalid signature","duration":0.568916999999999,"failureMessages":[],"meta":{},"tags":[]},{"ancestorTitles":["Webhook API Route Integration Tests"],"fullName":"Webhook API Route Integration Tests should accept pull_request.opened event and return 202","status":"passed","title":"should accept pull_request.opened event and return 202","duration":1.5763749999999845,"failureMessages":[],"meta":{},"tags":[]},{"ancestorTitles":["Webhook API Route Integration Tests"],"fullName":"Webhook API Route Integration Tests should block non-author comment attempts and post warning comment","status":"passed","title":"should block non-author comment attempts and post warning comment","duration":0.536625000000015,"failureMessages":[],"meta":{},"tags":[]},{"ancestorTitles":["Webhook API Route Integration Tests"],"fullName":"Webhook API Route Integration Tests should accept PR author comments, clean replies, and return 202","status":"passed","title":"should accept PR author comments, clean replies, and return 202","duration":10.120416999999975,"failureMessages":[],"meta":{},"tags":[]},{"ancestorTitles":["Webhook API Route Integration Tests"],"fullName":"Webhook API Route Integration Tests should execute emergency bypass if the commenter is an Admin or Maintainer","status":"passed","title":"should execute emergency bypass if the commenter is an Admin or Maintainer","duration":0.8578750000000355,"failureMessages":[],"meta":{},"tags":[]},{"ancestorTitles":["Webhook API Route Integration Tests"],"fullName":"Webhook API Route Integration Tests should reject emergency bypass if the commenter is not authorized","status":"passed","title":"should reject emergency bypass if the commenter is not authorized","duration":0.3252499999999827,"failureMessages":[],"meta":{},"tags":[]}],"startTime":1783586708835,"endTime":1783586708852.3252,"status":"passed","message":"","name":"/Users/tinhct/Documents/AI Projects/ArchiCheck Project/archi-check/tests/integration/webhook.test.ts"},{"assertionResults":[{"ancestorTitles":["Comment Reply Parser Unit Tests"],"fullName":"Comment Reply Parser Unit Tests should return the original text if there are no blockquotes","status":"passed","title":"should return the original text if there are no blockquotes","duration":0.6468749999999943,"failureMessages":[],"meta":{},"tags":[]},{"ancestorTitles":["Comment Reply Parser Unit Tests"],"fullName":"Comment Reply Parser Unit Tests should strip out lines starting with > and return only the newly typed lines","status":"passed","title":"should strip out lines starting with > and return only the newly typed lines","duration":0.1112499999999983,"failureMessages":[],"meta":{},"tags":[]},{"ancestorTitles":["Comment Reply Parser Unit Tests"],"fullName":"Comment Reply Parser Unit Tests should handle multiple scattered blockquotes and return only the clean non-quoted lines","status":"passed","title":"should handle multiple scattered blockquotes and return only the clean non-quoted lines","duration":0.05966700000000458,"failureMessages":[],"meta":{},"tags":[]},{"ancestorTitles":["Comment Reply Parser Unit Tests"],"fullName":"Comment Reply Parser Unit Tests should return empty string if the entire comment is blockquotes","status":"passed","title":"should return empty string if the entire comment is blockquotes","duration":0.08591599999999744,"failureMessages":[],"meta":{},"tags":[]}],"startTime":1783586708832,"endTime":1783586708833.1113,"status":"passed","message":"","name":"/Users/tinhct/Documents/AI Projects/ArchiCheck Project/archi-check/tests/unit/comment-parser.test.ts"},{"assertionResults":[{"ancestorTitles":["Repository Config Fetcher Unit Tests"],"fullName":"Repository Config Fetcher Unit Tests should return yml content if .archicheck.yml exists","status":"passed","title":"should return yml content if .archicheck.yml exists","duration":1.2726670000000126,"failureMessages":[],"meta":{},"tags":[]},{"ancestorTitles":["Repository Config Fetcher Unit Tests"],"fullName":"Repository Config Fetcher Unit Tests should fallback to .archicheck.yaml if .archicheck.yml is not found","status":"passed","title":"should fallback to .archicheck.yaml if .archicheck.yml is not found","duration":0.6541249999999934,"failureMessages":[],"meta":{},"tags":[]},{"ancestorTitles":["Repository Config Fetcher Unit Tests"],"fullName":"Repository Config Fetcher Unit Tests should return null if both .yml and .yaml are not found","status":"passed","title":"should return null if both .yml and .yaml are not found","duration":0.3588750000000118,"failureMessages":[],"meta":{},"tags":[]}],"startTime":1783586708677,"endTime":1783586708679.359,"status":"passed","message":"","name":"/Users/tinhct/Documents/AI Projects/ArchiCheck Project/archi-check/tests/unit/config_fetcher.test.ts"},{"assertionResults":[{"ancestorTitles":["DiffParserService Unit Tests"],"fullName":"DiffParserService Unit Tests should identify blocklisted files correctly","status":"passed","title":"should identify blocklisted files correctly","duration":0.9622090000000014,"failureMessages":[],"meta":{},"tags":[]},{"ancestorTitles":["DiffParserService Unit Tests"],"fullName":"DiffParserService Unit Tests should parse simple diffs and output low score","status":"passed","title":"should parse simple diffs and output low score","duration":0.377584000000013,"failureMessages":[],"meta":{},"tags":[]},{"ancestorTitles":["DiffParserService Unit Tests"],"fullName":"DiffParserService Unit Tests should parse complex diffs containing structural keywords and output higher score","status":"passed","title":"should parse complex diffs containing structural keywords and output higher score","duration":0.20358300000000895,"failureMessages":[],"meta":{},"tags":[]},{"ancestorTitles":["DiffParserService Unit Tests"],"fullName":"DiffParserService Unit Tests should skip blocklisted files in diff parsing lines counts","status":"passed","title":"should skip blocklisted files in diff parsing lines counts","duration":0.06041700000000105,"failureMessages":[],"meta":{},"tags":[]},{"ancestorTitles":["DiffParserService Unit Tests"],"fullName":"DiffParserService Unit Tests should extract only clean added code, stripping leading plus characters","status":"passed","title":"should extract only clean added code, stripping leading plus characters","duration":0.06937500000000796,"failureMessages":[],"meta":{},"tags":[]},{"ancestorTitles":["DiffParserService Unit Tests"],"fullName":"DiffParserService Unit Tests should skip custom excluded paths when parsed with custom excluded glob patterns","status":"passed","title":"should skip custom excluded paths when parsed with custom excluded glob patterns","duration":0.1041670000000181,"failureMessages":[],"meta":{},"tags":[]}],"startTime":1783586708679,"endTime":1783586708680.3777,"status":"passed","message":"","name":"/Users/tinhct/Documents/AI Projects/ArchiCheck Project/archi-check/tests/unit/diff-parser.test.ts"},{"assertionResults":[{"ancestorTitles":["Environment Schema Unit Tests"],"fullName":"Environment Schema Unit Tests should accept mock provider settings when process.env.NODE_ENV is not production","status":"passed","title":"should accept mock provider settings when process.env.NODE_ENV is not production","duration":1.5677080000000103,"failureMessages":[],"meta":{},"tags":[]},{"ancestorTitles":["Environment Schema Unit Tests"],"fullName":"Environment Schema Unit Tests should strictly reject mock provider settings when process.env.NODE_ENV is production","status":"passed","title":"should strictly reject mock provider settings when process.env.NODE_ENV is production","duration":0.4297080000000051,"failureMessages":[],"meta":{},"tags":[]},{"ancestorTitles":["Environment Schema Unit Tests"],"fullName":"Environment Schema Unit Tests should reject gemini-developer in production if api-key matches the default mock key","status":"passed","title":"should reject gemini-developer in production if api-key matches the default mock key","duration":0.17529199999998468,"failureMessages":[],"meta":{},"tags":[]},{"ancestorTitles":["Environment Schema Unit Tests"],"fullName":"Environment Schema Unit Tests should accept gemini-developer in production if a real API key is supplied","status":"passed","title":"should accept gemini-developer in production if a real API key is supplied","duration":0.1448750000000132,"failureMessages":[],"meta":{},"tags":[]},{"ancestorTitles":["Environment Schema Unit Tests"],"fullName":"Environment Schema Unit Tests should reject vertex in production if GOOGLE_CREDS_JSON is missing","status":"passed","title":"should reject vertex in production if GOOGLE_CREDS_JSON is missing","duration":0.17354199999999764,"failureMessages":[],"meta":{},"tags":[]}],"startTime":1783586708829,"endTime":1783586708832.1736,"status":"passed","message":"","name":"/Users/tinhct/Documents/AI Projects/ArchiCheck Project/archi-check/tests/unit/env.test.ts"},{"assertionResults":[{"ancestorTitles":["HeuristicsService Unit Tests"],"fullName":"HeuristicsService Unit Tests should gate PRs that exceed both complexity and AI reliance thresholds","status":"passed","title":"should gate PRs that exceed both complexity and AI reliance thresholds","duration":0.6897500000000036,"failureMessages":[],"meta":{},"tags":[]},{"ancestorTitles":["HeuristicsService Unit Tests"],"fullName":"HeuristicsService Unit Tests should not gate PRs with high complexity but low AI reliance","status":"passed","title":"should not gate PRs with high complexity but low AI reliance","duration":0.1125419999999906,"failureMessages":[],"meta":{},"tags":[]},{"ancestorTitles":["HeuristicsService Unit Tests"],"fullName":"HeuristicsService Unit Tests should not gate PRs with low complexity even with high AI reliance","status":"passed","title":"should not gate PRs with low complexity even with high AI reliance","duration":0.06662499999998772,"failureMessages":[],"meta":{},"tags":[]},{"ancestorTitles":["HeuristicsService Unit Tests"],"fullName":"HeuristicsService Unit Tests should trigger gate via the Spray and Pray velocity fallback check","status":"passed","title":"should trigger gate via the Spray and Pray velocity fallback check","duration":0.08424999999999727,"failureMessages":[],"meta":{},"tags":[]},{"ancestorTitles":["HeuristicsService Unit Tests"],"fullName":"HeuristicsService Unit Tests should not trigger velocity gate if changes took > 15 minutes","status":"passed","title":"should not trigger velocity gate if changes took > 15 minutes","duration":0.05679200000000151,"failureMessages":[],"meta":{},"tags":[]},{"ancestorTitles":["HeuristicsService Unit Tests"],"fullName":"HeuristicsService Unit Tests should not trigger velocity gate if lines added <= 300 even if fast","status":"passed","title":"should not trigger velocity gate if lines added <= 300 even if fast","duration":0.05679100000000403,"failureMessages":[],"meta":{},"tags":[]},{"ancestorTitles":["HeuristicsService Unit Tests"],"fullName":"HeuristicsService Unit Tests should respect custom config overrides for complexity score gating","status":"passed","title":"should respect custom config overrides for complexity score gating","duration":0.09008299999999281,"failureMessages":[],"meta":{},"tags":[]},{"ancestorTitles":["HeuristicsService Unit Tests"],"fullName":"HeuristicsService Unit Tests should respect custom config overrides for lines added volume gating","status":"passed","title":"should respect custom config overrides for lines added volume gating","duration":0.05920799999998394,"failureMessages":[],"meta":{},"tags":[]}],"startTime":1783586708712,"endTime":1783586708713.09,"status":"passed","message":"","name":"/Users/tinhct/Documents/AI Projects/ArchiCheck Project/archi-check/tests/unit/heuristics.test.ts"},{"assertionResults":[{"ancestorTitles":["MockLLMProvider Unit Tests"],"fullName":"MockLLMProvider Unit Tests should generate a structured mock quiz payload containing questions","status":"passed","title":"should generate a structured mock quiz payload containing questions","duration":1.708042000000006,"failureMessages":[],"meta":{},"tags":[]},{"ancestorTitles":["MockLLMProvider Unit Tests"],"fullName":"MockLLMProvider Unit Tests should reject validations if answer justification is 20 characters or less","status":"passed","title":"should reject validations if answer justification is 20 characters or less","duration":0.20399999999999352,"failureMessages":[],"meta":{},"tags":[]},{"ancestorTitles":["MockLLMProvider Unit Tests"],"fullName":"MockLLMProvider Unit Tests should approve validations if answer justification is greater than 20 characters","status":"passed","title":"should approve validations if answer justification is greater than 20 characters","duration":0.14749999999999375,"failureMessages":[],"meta":{},"tags":[]}],"startTime":1783586708801,"endTime":1783586708803.204,"status":"passed","message":"","name":"/Users/tinhct/Documents/AI Projects/ArchiCheck Project/archi-check/tests/unit/mock_llm.test.ts"},{"assertionResults":[{"ancestorTitles":["LLMProvider Unit Tests & Resiliency"],"fullName":"LLMProvider Unit Tests & Resiliency should generate a default fallback quiz when the LLM API call fails (Fail-Open)","status":"passed","title":"should generate a default fallback quiz when the LLM API call fails (Fail-Open)","duration":3.409749999999974,"failureMessages":[],"meta":{},"tags":[]},{"ancestorTitles":["LLMProvider Unit Tests & Resiliency"],"fullName":"LLMProvider Unit Tests & Resiliency should validate answers with a fallback value when the validation fails (Fail-Open)","status":"passed","title":"should validate answers with a fallback value when the validation fails (Fail-Open)","duration":0.6182919999999967,"failureMessages":[],"meta":{},"tags":[]},{"ancestorTitles":["LLMProvider Unit Tests & Resiliency"],"fullName":"LLMProvider Unit Tests & Resiliency should escape system XML tags inside the prompt values to block injection escapes","status":"passed","title":"should escape system XML tags inside the prompt values to block injection escapes","duration":0.3344170000000304,"failureMessages":[],"meta":{},"tags":[]}],"startTime":1783586708814,"endTime":1783586708818.3345,"status":"passed","message":"","name":"/Users/tinhct/Documents/AI Projects/ArchiCheck Project/archi-check/tests/unit/provider.test.ts"},{"assertionResults":[{"ancestorTitles":["Secret Sanitizer Unit Tests"],"fullName":"Secret Sanitizer Unit Tests should redact Google API Keys from a text string","status":"passed","title":"should redact Google API Keys from a text string","duration":1.4003329999999892,"failureMessages":[],"meta":{},"tags":[]},{"ancestorTitles":["Secret Sanitizer Unit Tests"],"fullName":"Secret Sanitizer Unit Tests should redact generic passwords assigned via config assignment","status":"passed","title":"should redact generic passwords assigned via config assignment","duration":0.2988339999999994,"failureMessages":[],"meta":{},"tags":[]},{"ancestorTitles":["Secret Sanitizer Unit Tests"],"fullName":"Secret Sanitizer Unit Tests should leave non-sensitive code untouched","status":"passed","title":"should leave non-sensitive code untouched","duration":0.09854200000000901,"failureMessages":[],"meta":{},"tags":[]},{"ancestorTitles":["Secret Sanitizer Unit Tests"],"fullName":"Secret Sanitizer Unit Tests should trigger the 500ms circuit breaker when encountering a ReDoS pattern","status":"passed","title":"should trigger the 500ms circuit breaker when encountering a ReDoS pattern","duration":1363.878708,"failureMessages":[],"meta":{},"tags":[]}],"startTime":1783586708679,"endTime":1783586710043.8787,"status":"passed","message":"","name":"/Users/tinhct/Documents/AI Projects/ArchiCheck Project/archi-check/tests/unit/sanitizer.test.ts"},{"assertionResults":[{"ancestorTitles":["YAML Parser & Config Validator Unit Tests"],"fullName":"YAML Parser & Config Validator Unit Tests should return system defaults if input string is null, empty or undefined","status":"passed","title":"should return system defaults if input string is null, empty or undefined","duration":3.2952909999999918,"failureMessages":[],"meta":{},"tags":[]},{"ancestorTitles":["YAML Parser & Config Validator Unit Tests"],"fullName":"YAML Parser & Config Validator Unit Tests should successfully parse complete valid YAML configurations","status":"passed","title":"should successfully parse complete valid YAML configurations","duration":5.906374999999997,"failureMessages":[],"meta":{},"tags":[]},{"ancestorTitles":["YAML Parser & Config Validator Unit Tests"],"fullName":"YAML Parser & Config Validator Unit Tests should gracefully merge missing fields with defaults on partial configurations","status":"passed","title":"should gracefully merge missing fields with defaults on partial configurations","duration":0.639458999999988,"failureMessages":[],"meta":{},"tags":[]},{"ancestorTitles":["YAML Parser & Config Validator Unit Tests"],"fullName":"YAML Parser & Config Validator Unit Tests should fall back to defaults and log warnings if size exceeds 50KB limit","status":"passed","title":"should fall back to defaults and log warnings if size exceeds 50KB limit","duration":0.9270420000000001,"failureMessages":[],"meta":{},"tags":[]},{"ancestorTitles":["YAML Parser & Config Validator Unit Tests"],"fullName":"YAML Parser & Config Validator Unit Tests should fall back to defaults and log warnings if YAML syntax is malformed","status":"passed","title":"should fall back to defaults and log warnings if YAML syntax is malformed","duration":1.5097079999999892,"failureMessages":[],"meta":{},"tags":[]}],"startTime":1783586708768,"endTime":1783586708780.5098,"status":"passed","message":"","name":"/Users/tinhct/Documents/AI Projects/ArchiCheck Project/archi-check/tests/unit/yaml_parser.test.ts"}]}